TN:
SF:src/types.ts
FN:116,(anonymous_0)
FN:140,(anonymous_1)
FN:148,(anonymous_2)
FN:157,(anonymous_3)
FN:166,(anonymous_4)
FNF:5
FNH:5
FNDA:3,(anonymous_0)
FNDA:3,(anonymous_1)
FNDA:3,(anonymous_2)
FNDA:3,(anonymous_3)
FNDA:3,(anonymous_4)
DA:116,3
DA:118,3
DA:119,3
DA:120,3
DA:123,3
DA:124,3
DA:125,3
DA:126,3
DA:129,3
DA:130,3
DA:133,3
DA:136,3
DA:140,3
DA:141,3
DA:142,3
DA:143,3
DA:144,3
DA:148,3
DA:149,3
DA:150,3
DA:151,3
DA:152,3
DA:153,3
DA:157,3
DA:158,3
DA:159,3
DA:160,3
DA:161,3
DA:162,3
DA:166,3
DA:167,3
DA:168,3
DA:169,3
DA:170,3
DA:171,3
LF:35
LH:35
BRDA:116,0,0,3
BRDA:116,0,1,3
BRDA:140,1,0,3
BRDA:140,1,1,3
BRDA:148,2,0,3
BRDA:148,2,1,3
BRDA:157,3,0,3
BRDA:157,3,1,3
BRDA:166,4,0,3
BRDA:166,4,1,3
BRF:10
BRH:10
end_of_record
TN:
SF:src/analytics/analytics.ts
FN:8,(anonymous_0)
FNF:1
FNH:1
FNDA:10,(anonymous_0)
DA:7,2
DA:8,12
LF:2
LH:2
BRF:0
BRH:0
end_of_record
